2013-01-22 21:13:48 Error: [MissingControllerException] Controller class PagesController could not be found.
#0 /var/www/brmsklad/app/webroot/index.php(92): Dispatcher->dispatch(Object(CakeRequest), Object(CakeResponse))
#1 {main}
2013-01-22 21:27:05 Error: Fatal Error (4): syntax error, unexpected ')', expecting T_FUNCTION in [/var/www/brmsklad/app/Config/database.php, line 73]
2013-01-22 21:27:05 Error: [FatalErrorException] syntax error, unexpected ')', expecting T_FUNCTION
#0 /var/www/brmsklad/lib/Cake/Error/ErrorHandler.php(161): ErrorHandler::handleFatalError(4, 'syntax error, u...', '/var/www/brmskl...', 73)
#1 [internal function]: ErrorHandler::handleError(4, 'syntax error, u...', '/var/www/brmskl...', 73, Array)
#2 /var/www/brmsklad/lib/Cake/Core/App.php(926): call_user_func('ErrorHandler::h...', 4, 'syntax error, u...', '/var/www/brmskl...', 73, Array)
#3 /var/www/brmsklad/lib/Cake/Core/App.php(899): App::_checkFatalError()
#4 [internal function]: App::shutdown()
#5 {main}
2013-01-22 21:28:43 Error: [PDOException] SQLSTATE[42S22]: Column not found: 1054 Unknown column 'Item.user_id' in 'on clause'
#0 /var/www/brmsklad/lib/Cake/Model/Datasource/DboSource.php(459): PDOStatement->execute(Array)
#1 /var/www/brmsklad/lib/Cake/Model/Datasource/DboSource.php(425): DboSource->_execute('SELECT `Item`.`...', Array)
#2 /var/www/brmsklad/lib/Cake/Model/Datasource/DboSource.php(669): DboSource->execute('SELECT `Item`.`...', Array, Array)
#3 /var/www/brmsklad/lib/Cake/Model/Datasource/DboSource.php(1080): DboSource->fetchAll('SELECT `Item`.`...', false)
#4 /var/www/brmsklad/lib/Cake/Model/Model.php(2642): DboSource->read(Object(Item), Array)
#5 /var/www/brmsklad/lib/Cake/Controller/Component/PaginatorComponent.php(173): Model->find('all', Array)
#6 /var/www/brmsklad/lib/Cake/Controller/Controller.php(1081): PaginatorComponent->paginate(NULL, Array, Array)
#7 /var/www/brmsklad/lib/Cake/Controller/Scaffold.php(190): Controller->paginate()
#8 /var/www/brmsklad/lib/Cake/Controller/Scaffold.php(388): Scaffold->_scaffoldIndex(Object(CakeRequest))
#9 /var/www/brmsklad/lib/Cake/Controller/Scaffold.php(151): Scaffold->_scaffold(Object(CakeRequest))
#10 /var/www/brmsklad/lib/Cake/Controller/Controller.php(530): Scaffold->__construct(Object(ItemsController), Object(CakeRequest))
#11 /var/www/brmsklad/lib/Cake/Controller/Controller.php(489): Controller->_getScaffold(Object(CakeRequest))
#12 /var/www/brmsklad/lib/Cake/Routing/Dispatcher.php(186): Controller->invokeAction(Object(CakeRequest))
#13 /var/www/brmsklad/lib/Cake/Routing/Dispatcher.php(161): Dispatcher->_invoke(Object(ItemsController), Object(CakeRequest), Object(CakeResponse))
#14 /var/www/brmsklad/app/webroot/index.php(92): Dispatcher->dispatch(Object(CakeRequest), Object(CakeResponse))
#15 {main}
2013-01-22 22:02:03 Error: [NotFoundException] Invalid User
#0 /var/www/brmsklad/lib/Cake/Controller/Scaffold.php(391): Scaffold->_scaffoldView(Object(CakeRequest))
#1 /var/www/brmsklad/lib/Cake/Controller/Scaffold.php(151): Scaffold->_scaffold(Object(CakeRequest))
#2 /var/www/brmsklad/lib/Cake/Controller/Controller.php(530): Scaffold->__construct(Object(UsersController), Object(CakeRequest))
#3 /var/www/brmsklad/lib/Cake/Controller/Controller.php(489): Controller->_getScaffold(Object(CakeRequest))
#4 /var/www/brmsklad/lib/Cake/Routing/Dispatcher.php(186): Controller->invokeAction(Object(CakeRequest))
#5 /var/www/brmsklad/lib/Cake/Routing/Dispatcher.php(161): Dispatcher->_invoke(Object(UsersController), Object(CakeRequest), Object(CakeResponse))
#6 /var/www/brmsklad/app/webroot/index.php(92): Dispatcher->dispatch(Object(CakeRequest), Object(CakeResponse))
#7 {main}
2013-01-22 22:02:55 Error: [NotFoundException] Invalid User
#0 /var/www/brmsklad/lib/Cake/Controller/Scaffold.php(391): Scaffold->_scaffoldView(Object(CakeRequest))
#1 /var/www/brmsklad/lib/Cake/Controller/Scaffold.php(151): Scaffold->_scaffold(Object(CakeRequest))
#2 /var/www/brmsklad/lib/Cake/Controller/Controller.php(530): Scaffold->__construct(Object(UsersController), Object(CakeRequest))
#3 /var/www/brmsklad/lib/Cake/Controller/Controller.php(489): Controller->_getScaffold(Object(CakeRequest))
#4 /var/www/brmsklad/lib/Cake/Routing/Dispatcher.php(186): Controller->invokeAction(Object(CakeRequest))
#5 /var/www/brmsklad/lib/Cake/Routing/Dispatcher.php(161): Dispatcher->_invoke(Object(UsersController), Object(CakeRequest), Object(CakeResponse))
#6 /var/www/brmsklad/app/webroot/index.php(92): Dispatcher->dispatch(Object(CakeRequest), Object(CakeResponse))
#7 {main}
2013-01-22 22:10:23 Error: [PDOException] SQLSTATE[42S22]: Column not found: 1054 Unknown column 'Item.sklad_id' in 'field list'
#0 /var/www/brmsklad/lib/Cake/Model/Datasource/DboSource.php(459): PDOStatement->execute(Array)
#1 /var/www/brmsklad/lib/Cake/Model/Datasource/DboSource.php(425): DboSource->_execute('SELECT `Item`.`...', Array)
#2 /var/www/brmsklad/lib/Cake/Model/Datasource/DboSource.php(669): DboSource->execute('SELECT `Item`.`...', Array, Array)
#3 /var/www/brmsklad/lib/Cake/Model/Datasource/DboSource.php(1080): DboSource->fetchAll('SELECT `Item`.`...', false)
#4 /var/www/brmsklad/lib/Cake/Model/Model.php(2642): DboSource->read(Object(Item), Array)
#5 /var/www/brmsklad/lib/Cake/Controller/Component/PaginatorComponent.php(173): Model->find('all', Array)
#6 /var/www/brmsklad/lib/Cake/Controller/Controller.php(1081): PaginatorComponent->paginate(NULL, Array, Array)
#7 /var/www/brmsklad/lib/Cake/Controller/Scaffold.php(190): Controller->paginate()
#8 /var/www/brmsklad/lib/Cake/Controller/Scaffold.php(388): Scaffold->_scaffoldIndex(Object(CakeRequest))
#9 /var/www/brmsklad/lib/Cake/Controller/Scaffold.php(151): Scaffold->_scaffold(Object(CakeRequest))
#10 /var/www/brmsklad/lib/Cake/Controller/Controller.php(530): Scaffold->__construct(Object(ItemsController), Object(CakeRequest))
#11 /var/www/brmsklad/lib/Cake/Controller/Controller.php(489): Controller->_getScaffold(Object(CakeRequest))
#12 /var/www/brmsklad/lib/Cake/Routing/Dispatcher.php(186): Controller->invokeAction(Object(CakeRequest))
#13 /var/www/brmsklad/lib/Cake/Routing/Dispatcher.php(161): Dispatcher->_invoke(Object(ItemsController), Object(CakeRequest), Object(CakeResponse))
#14 /var/www/brmsklad/app/webroot/index.php(92): Dispatcher->dispatch(Object(CakeRequest), Object(CakeResponse))
#15 {main}
2013-01-22 22:10:28 Error: [PDOException] SQLSTATE[42S22]: Column not found: 1054 Unknown column 'Item.sklad_id' in 'field list'
#0 /var/www/brmsklad/lib/Cake/Model/Datasource/DboSource.php(459): PDOStatement->execute(Array)
#1 /var/www/brmsklad/lib/Cake/Model/Datasource/DboSource.php(425): DboSource->_execute('SELECT `Item`.`...', Array)
#2 /var/www/brmsklad/lib/Cake/Model/Datasource/DboSource.php(669): DboSource->execute('SELECT `Item`.`...', Array, Array)
#3 /var/www/brmsklad/lib/Cake/Model/Datasource/DboSource.php(1080): DboSource->fetchAll('SELECT `Item`.`...', false)
#4 /var/www/brmsklad/lib/Cake/Model/Model.php(2642): DboSource->read(Object(Item), Array)
#5 /var/www/brmsklad/lib/Cake/Controller/Component/PaginatorComponent.php(173): Model->find('all', Array)
#6 /var/www/brmsklad/lib/Cake/Controller/Controller.php(1081): PaginatorComponent->paginate(NULL, Array, Array)
#7 /var/www/brmsklad/lib/Cake/Controller/Scaffold.php(190): Controller->paginate()
#8 /var/www/brmsklad/lib/Cake/Controller/Scaffold.php(388): Scaffold->_scaffoldIndex(Object(CakeRequest))
#9 /var/www/brmsklad/lib/Cake/Controller/Scaffold.php(151): Scaffold->_scaffold(Object(CakeRequest))
#10 /var/www/brmsklad/lib/Cake/Controller/Controller.php(530): Scaffold->__construct(Object(ItemsController), Object(CakeRequest))
#11 /var/www/brmsklad/lib/Cake/Controller/Controller.php(489): Controller->_getScaffold(Object(CakeRequest))
#12 /var/www/brmsklad/lib/Cake/Routing/Dispatcher.php(186): Controller->invokeAction(Object(CakeRequest))
#13 /var/www/brmsklad/lib/Cake/Routing/Dispatcher.php(161): Dispatcher->_invoke(Object(ItemsController), Object(CakeRequest), Object(CakeResponse))
#14 /var/www/brmsklad/app/webroot/index.php(92): Dispatcher->dispatch(Object(CakeRequest), Object(CakeResponse))
#15 {main}
2013-01-22 22:19:57 Error: [MissingControllerException] Controller class IController could not be found.
#0 /var/www/brmsklad/app/webroot/index.php(92): Dispatcher->dispatch(Object(CakeRequest), Object(CakeResponse))
#1 {main}
2013-01-22 22:19:57 Error: [MissingControllerException] Controller class IController could not be found.
#0 /var/www/brmsklad/app/webroot/index.php(92): Dispatcher->dispatch(Object(CakeRequest), Object(CakeResponse))
#1 {main}
2013-01-22 22:46:57 Error: Fatal Error (4): syntax error, unexpected T_STRING, expecting T_VARIABLE in [/var/www/brmsklad/app/Controller/ItemsController.php, line 7]
2013-01-22 22:46:57 Error: [InternalErrorException] Internal Server Error
#0 /var/www/brmsklad/lib/Cake/Error/ErrorHandler.php(161): ErrorHandler::handleFatalError(4, 'syntax error, u...', '/var/www/brmskl...', 7)
#1 [internal function]: ErrorHandler::handleError(4, 'syntax error, u...', '/var/www/brmskl...', 7, Array)
#2 /var/www/brmsklad/lib/Cake/Core/App.php(926): call_user_func('ErrorHandler::h...', 4, 'syntax error, u...', '/var/www/brmskl...', 7, Array)
#3 /var/www/brmsklad/lib/Cake/Core/App.php(899): App::_checkFatalError()
#4 [internal function]: App::shutdown()
#5 {main}
2013-01-22 23:36:58 Warning: Warning (2): include_once(/var/www/brmsklad/app/Config/database.php): failed to open stream: No such file or directory in [/var/www/brmsklad/lib/Cake/Model/ConnectionManager.php, line 68]
Trace:
ConnectionManager::_init() - CORE/Cake/Model/ConnectionManager.php, line 68
ConnectionManager::_init() - CORE/Cake/Model/ConnectionManager.php, line 68
ConnectionManager::enumConnectionObjects() - CORE/Cake/Model/ConnectionManager.php, line 190
ClassRegistry::init() - CORE/Cake/Utility/ClassRegistry.php, line 110
Controller::loadModel() - CORE/Cake/Controller/Controller.php, line 733
Controller::__isset() - CORE/Cake/Controller/Controller.php, line 366
Controller::__get() - CORE/Cake/Controller/Controller.php, line 404
Scaffold::__construct() - CORE/Cake/Controller/Scaffold.php, line 121
Controller::_getScaffold() - CORE/Cake/Controller/Controller.php, line 530
Controller::invokeAction() - CORE/Cake/Controller/Controller.php, line 489
Dispatcher::_invoke() - CORE/Cake/Routing/Dispatcher.php, line 186
Dispatcher::dispatch() - CORE/Cake/Routing/Dispatcher.php, line 161
[main] - APP/webroot/index.php, line 92

2013-01-22 23:36:58 Warning: Warning (2): include_once() [http://php.net/function.include]: Failed opening '/var/www/brmsklad/app/Config/database.php' for inclusion (include_path='/var/www/brmsklad/lib:.:/usr/share/php:/usr/share/pear') in [/var/www/brmsklad/lib/Cake/Model/ConnectionManager.php, line 68]
Trace:
ConnectionManager::_init() - CORE/Cake/Model/ConnectionManager.php, line 68
ConnectionManager::_init() - CORE/Cake/Model/ConnectionManager.php, line 68
ConnectionManager::enumConnectionObjects() - CORE/Cake/Model/ConnectionManager.php, line 190
ClassRegistry::init() - CORE/Cake/Utility/ClassRegistry.php, line 110
Controller::loadModel() - CORE/Cake/Controller/Controller.php, line 733
Controller::__isset() - CORE/Cake/Controller/Controller.php, line 366
Controller::__get() - CORE/Cake/Controller/Controller.php, line 404
Scaffold::__construct() - CORE/Cake/Controller/Scaffold.php, line 121
Controller::_getScaffold() - CORE/Cake/Controller/Controller.php, line 530
Controller::invokeAction() - CORE/Cake/Controller/Controller.php, line 489
Dispatcher::_invoke() - CORE/Cake/Routing/Dispatcher.php, line 186
Dispatcher::dispatch() - CORE/Cake/Routing/Dispatcher.php, line 161
[main] - APP/webroot/index.php, line 92

2013-01-22 23:36:58 Error: [MissingDatasourceConfigException] The datasource configuration "default" was not found in database.php
#0 /var/www/brmsklad/lib/Cake/Model/ConnectionManager.php(94): ConnectionManager::_getConnectionObject('default')
#1 /var/www/brmsklad/lib/Cake/Model/Model.php(3169): ConnectionManager::getDataSource('default')
#2 /var/www/brmsklad/lib/Cake/Model/Model.php(1096): Model->setDataSource('default')
#3 /var/www/brmsklad/lib/Cake/Model/Model.php(3191): Model->setSource('items')
#4 /var/www/brmsklad/lib/Cake/Model/Model.php(1305): Model->getDataSource()
#5 /var/www/brmsklad/lib/Cake/Model/Model.php(1391): Model->schema()
#6 /var/www/brmsklad/lib/Cake/Model/Model.php(1377): Model->hasField('title', false)
#7 /var/www/brmsklad/lib/Cake/Model/Model.php(867): Model->hasField(Array)
#8 /var/www/brmsklad/lib/Cake/Controller/Scaffold.php(131): Model->__get('displayField')
#9 /var/www/brmsklad/lib/Cake/Controller/Controller.php(530): Scaffold->__construct(Object(ItemsController), Object(CakeRequest))
#10 /var/www/brmsklad/lib/Cake/Controller/Controller.php(489): Controller->_getScaffold(Object(CakeRequest))
#11 /var/www/brmsklad/lib/Cake/Routing/Dispatcher.php(186): Controller->invokeAction(Object(CakeRequest))
#12 /var/www/brmsklad/lib/Cake/Routing/Dispatcher.php(161): Dispatcher->_invoke(Object(ItemsController), Object(CakeRequest), Object(CakeResponse))
#13 /var/www/brmsklad/app/webroot/index.php(92): Dispatcher->dispatch(Object(CakeRequest), Object(CakeResponse))
#14 {main}
2013-01-22 23:40:18 Error: [MissingConnectionException] Database connection "Mysql" is missing, or could not be created.
#0 /var/www/brmsklad/lib/Cake/Model/Datasource/DboSource.php(261): Mysql->connect()
#1 /var/www/brmsklad/lib/Cake/Model/ConnectionManager.php(101): DboSource->__construct(Array)
#2 /var/www/brmsklad/lib/Cake/Model/Model.php(3169): ConnectionManager::getDataSource('default')
#3 /var/www/brmsklad/lib/Cake/Model/Model.php(1096): Model->setDataSource('default')
#4 /var/www/brmsklad/lib/Cake/Model/Model.php(3191): Model->setSource('items')
#5 /var/www/brmsklad/lib/Cake/Model/Model.php(1305): Model->getDataSource()
#6 /var/www/brmsklad/lib/Cake/Model/Model.php(1391): Model->schema()
#7 /var/www/brmsklad/lib/Cake/Model/Model.php(1377): Model->hasField('title', false)
#8 /var/www/brmsklad/lib/Cake/Model/Model.php(867): Model->hasField(Array)
#9 /var/www/brmsklad/lib/Cake/Controller/Scaffold.php(131): Model->__get('displayField')
#10 /var/www/brmsklad/lib/Cake/Controller/Controller.php(530): Scaffold->__construct(Object(ItemsController), Object(CakeRequest))
#11 /var/www/brmsklad/lib/Cake/Controller/Controller.php(489): Controller->_getScaffold(Object(CakeRequest))
#12 /var/www/brmsklad/lib/Cake/Routing/Dispatcher.php(186): Controller->invokeAction(Object(CakeRequest))
#13 /var/www/brmsklad/lib/Cake/Routing/Dispatcher.php(161): Dispatcher->_invoke(Object(ItemsController), Object(CakeRequest), Object(CakeResponse))
#14 /var/www/brmsklad/app/webroot/index.php(92): Dispatcher->dispatch(Object(CakeRequest), Object(CakeResponse))
#15 {main}
2013-01-22 23:40:39 Error: [MissingConnectionException] Database connection "Mysql" is missing, or could not be created.
#0 /var/www/brmsklad/lib/Cake/Model/Datasource/DboSource.php(261): Mysql->connect()
#1 /var/www/brmsklad/lib/Cake/Model/ConnectionManager.php(101): DboSource->__construct(Array)
#2 /var/www/brmsklad/lib/Cake/Model/Model.php(3169): ConnectionManager::getDataSource('default')
#3 /var/www/brmsklad/lib/Cake/Model/Model.php(1096): Model->setDataSource('default')
#4 /var/www/brmsklad/lib/Cake/Model/Model.php(3191): Model->setSource('items')
#5 /var/www/brmsklad/lib/Cake/Model/Model.php(1305): Model->getDataSource()
#6 /var/www/brmsklad/lib/Cake/Model/Model.php(1391): Model->schema()
#7 /var/www/brmsklad/lib/Cake/Model/Model.php(1377): Model->hasField('title', false)
#8 /var/www/brmsklad/lib/Cake/Model/Model.php(867): Model->hasField(Array)
#9 /var/www/brmsklad/lib/Cake/Controller/Scaffold.php(131): Model->__get('displayField')
#10 /var/www/brmsklad/lib/Cake/Controller/Controller.php(530): Scaffold->__construct(Object(ItemsController), Object(CakeRequest))
#11 /var/www/brmsklad/lib/Cake/Controller/Controller.php(489): Controller->_getScaffold(Object(CakeRequest))
#12 /var/www/brmsklad/lib/Cake/Routing/Dispatcher.php(186): Controller->invokeAction(Object(CakeRequest))
#13 /var/www/brmsklad/lib/Cake/Routing/Dispatcher.php(161): Dispatcher->_invoke(Object(ItemsController), Object(CakeRequest), Object(CakeResponse))
#14 /var/www/brmsklad/app/webroot/index.php(92): Dispatcher->dispatch(Object(CakeRequest), Object(CakeResponse))
#15 {main}
2013-01-22 23:40:58 Error: [MissingConnectionException] Database connection "Mysql" is missing, or could not be created.
#0 /var/www/brmsklad/lib/Cake/Model/Datasource/DboSource.php(261): Mysql->connect()
#1 /var/www/brmsklad/lib/Cake/Model/ConnectionManager.php(101): DboSource->__construct(Array)
#2 /var/www/brmsklad/lib/Cake/Model/Model.php(3169): ConnectionManager::getDataSource('default')
#3 /var/www/brmsklad/lib/Cake/Model/Model.php(1096): Model->setDataSource('default')
#4 /var/www/brmsklad/lib/Cake/Model/Model.php(3191): Model->setSource('items')
#5 /var/www/brmsklad/lib/Cake/Model/Model.php(1305): Model->getDataSource()
#6 /var/www/brmsklad/lib/Cake/Model/Model.php(1391): Model->schema()
#7 /var/www/brmsklad/lib/Cake/Model/Model.php(1377): Model->hasField('title', false)
#8 /var/www/brmsklad/lib/Cake/Model/Model.php(867): Model->hasField(Array)
#9 /var/www/brmsklad/lib/Cake/Controller/Scaffold.php(131): Model->__get('displayField')
#10 /var/www/brmsklad/lib/Cake/Controller/Controller.php(530): Scaffold->__construct(Object(ItemsController), Object(CakeRequest))
#11 /var/www/brmsklad/lib/Cake/Controller/Controller.php(489): Controller->_getScaffold(Object(CakeRequest))
#12 /var/www/brmsklad/lib/Cake/Routing/Dispatcher.php(186): Controller->invokeAction(Object(CakeRequest))
#13 /var/www/brmsklad/lib/Cake/Routing/Dispatcher.php(161): Dispatcher->_invoke(Object(ItemsController), Object(CakeRequest), Object(CakeResponse))
#14 /var/www/brmsklad/app/webroot/index.php(92): Dispatcher->dispatch(Object(CakeRequest), Object(CakeResponse))
#15 {main}
2013-01-22 23:58:13 Error: Fatal Error (1): Call to undefined function compat() in [/var/www/brmsklad/app/Controller/ItemsController.php, line 11]
2013-01-22 23:58:13 Error: [InternalErrorException] Internal Server Error
#0 /var/www/brmsklad/lib/Cake/Error/ErrorHandler.php(161): ErrorHandler::handleFatalError(1, 'Call to undefin...', '/var/www/brmskl...', 11)
#1 [internal function]: ErrorHandler::handleError(1, 'Call to undefin...', '/var/www/brmskl...', 11, Array)
#2 /var/www/brmsklad/lib/Cake/Core/App.php(926): call_user_func('ErrorHandler::h...', 1, 'Call to undefin...', '/var/www/brmskl...', 11, Array)
#3 /var/www/brmsklad/lib/Cake/Core/App.php(899): App::_checkFatalError()
#4 [internal function]: App::shutdown()
#5 {main}
2013-01-22 23:58:34 Error: Fatal Error (1): Call to undefined method ItemsController::compat() in [/var/www/brmsklad/app/Controller/ItemsController.php, line 11]
2013-01-22 23:58:34 Error: [InternalErrorException] Internal Server Error
#0 /var/www/brmsklad/lib/Cake/Error/ErrorHandler.php(161): ErrorHandler::handleFatalError(1, 'Call to undefin...', '/var/www/brmskl...', 11)
#1 [internal function]: ErrorHandler::handleError(1, 'Call to undefin...', '/var/www/brmskl...', 11, Array)
#2 /var/www/brmsklad/lib/Cake/Core/App.php(926): call_user_func('ErrorHandler::h...', 1, 'Call to undefin...', '/var/www/brmskl...', 11, Array)
#3 /var/www/brmsklad/lib/Cake/Core/App.php(899): App::_checkFatalError()
#4 [internal function]: App::shutdown()
#5 {main}
2013-01-22 23:58:34 Error: Fatal Error (1): Call to undefined method ItemsController::compat() in [/var/www/brmsklad/app/Controller/ItemsController.php, line 11]
2013-01-22 23:58:34 Error: [InternalErrorException] Internal Server Error
#0 /var/www/brmsklad/lib/Cake/Error/ErrorHandler.php(161): ErrorHandler::handleFatalError(1, 'Call to undefin...', '/var/www/brmskl...', 11)
#1 [internal function]: ErrorHandler::handleError(1, 'Call to undefin...', '/var/www/brmskl...', 11, Array)
#2 /var/www/brmsklad/lib/Cake/Core/App.php(926): call_user_func('ErrorHandler::h...', 1, 'Call to undefin...', '/var/www/brmskl...', 11, Array)
#3 /var/www/brmsklad/lib/Cake/Core/App.php(899): App::_checkFatalError()
#4 [internal function]: App::shutdown()
#5 {main}
2013-01-23 00:00:09 Error: Fatal Error (1): Call to undefined method ItemsController::compat() in [/var/www/brmsklad/app/Controller/ItemsController.php, line 11]
2013-01-23 00:00:09 Error: [InternalErrorException] Internal Server Error
#0 /var/www/brmsklad/lib/Cake/Error/ErrorHandler.php(161): ErrorHandler::handleFatalError(1, 'Call to undefin...', '/var/www/brmskl...', 11)
#1 [internal function]: ErrorHandler::handleError(1, 'Call to undefin...', '/var/www/brmskl...', 11, Array)
#2 /var/www/brmsklad/lib/Cake/Core/App.php(926): call_user_func('ErrorHandler::h...', 1, 'Call to undefin...', '/var/www/brmskl...', 11, Array)
#3 /var/www/brmsklad/lib/Cake/Core/App.php(899): App::_checkFatalError()
#4 [internal function]: App::shutdown()
#5 {main}
2013-01-23 00:01:02 Error: Fatal Error (1): Call to a member function findByName() on a non-object in [/var/www/brmsklad/app/Controller/ItemsController.php, line 11]
2013-01-23 00:01:02 Error: [InternalErrorException] Internal Server Error
#0 /var/www/brmsklad/lib/Cake/Error/ErrorHandler.php(161): ErrorHandler::handleFatalError(1, 'Call to a membe...', '/var/www/brmskl...', 11)
#1 [internal function]: ErrorHandler::handleError(1, 'Call to a membe...', '/var/www/brmskl...', 11, Array)
#2 /var/www/brmsklad/lib/Cake/Core/App.php(926): call_user_func('ErrorHandler::h...', 1, 'Call to a membe...', '/var/www/brmskl...', 11, Array)
#3 /var/www/brmsklad/lib/Cake/Core/App.php(899): App::_checkFatalError()
#4 [internal function]: App::shutdown()
#5 {main}
2013-01-23 00:01:03 Error: Fatal Error (1): Call to a member function findByName() on a non-object in [/var/www/brmsklad/app/Controller/ItemsController.php, line 11]
2013-01-23 00:01:03 Error: [InternalErrorException] Internal Server Error
#0 /var/www/brmsklad/lib/Cake/Error/ErrorHandler.php(161): ErrorHandler::handleFatalError(1, 'Call to a membe...', '/var/www/brmskl...', 11)
#1 [internal function]: ErrorHandler::handleError(1, 'Call to a membe...', '/var/www/brmskl...', 11, Array)
#2 /var/www/brmsklad/lib/Cake/Core/App.php(926): call_user_func('ErrorHandler::h...', 1, 'Call to a membe...', '/var/www/brmskl...', 11, Array)
#3 /var/www/brmsklad/lib/Cake/Core/App.php(899): App::_checkFatalError()
#4 [internal function]: App::shutdown()
#5 {main}
2013-01-23 00:01:08 Error: [MissingViewException] View file "/var/www/brmsklad/app/View/Items/index.ctp" is missing.
#0 /var/www/brmsklad/lib/Cake/View/View.php(473): View->_getViewFileName('index')
#1 /var/www/brmsklad/lib/Cake/Controller/Controller.php(956): View->render('index', NULL)
#2 /var/www/brmsklad/app/Controller/ItemsController.php(12): Controller->render('index')
#3 [internal function]: ItemsController->search('folie')
#4 /var/www/brmsklad/lib/Cake/Controller/Controller.php(485): ReflectionMethod->invokeArgs(Object(ItemsController), Array)
#5 /var/www/brmsklad/lib/Cake/Routing/Dispatcher.php(186): Controller->invokeAction(Object(CakeRequest))
#6 /var/www/brmsklad/lib/Cake/Routing/Dispatcher.php(161): Dispatcher->_invoke(Object(ItemsController), Object(CakeRequest), Object(CakeResponse))
#7 /var/www/brmsklad/app/webroot/index.php(92): Dispatcher->dispatch(Object(CakeRequest), Object(CakeResponse))
#8 {main}
2013-01-23 00:01:09 Error: [MissingViewException] View file "/var/www/brmsklad/app/View/Items/index.ctp" is missing.
#0 /var/www/brmsklad/lib/Cake/View/View.php(473): View->_getViewFileName('index')
#1 /var/www/brmsklad/lib/Cake/Controller/Controller.php(956): View->render('index', NULL)
#2 /var/www/brmsklad/app/Controller/ItemsController.php(12): Controller->render('index')
#3 [internal function]: ItemsController->search('folie')
#4 /var/www/brmsklad/lib/Cake/Controller/Controller.php(485): ReflectionMethod->invokeArgs(Object(ItemsController), Array)
#5 /var/www/brmsklad/lib/Cake/Routing/Dispatcher.php(186): Controller->invokeAction(Object(CakeRequest))
#6 /var/www/brmsklad/lib/Cake/Routing/Dispatcher.php(161): Dispatcher->_invoke(Object(ItemsController), Object(CakeRequest), Object(CakeResponse))
#7 /var/www/brmsklad/app/webroot/index.php(92): Dispatcher->dispatch(Object(CakeRequest), Object(CakeResponse))
#8 {main}
2013-01-23 00:01:09 Error: [MissingViewException] View file "/var/www/brmsklad/app/View/Items/index.ctp" is missing.
#0 /var/www/brmsklad/lib/Cake/View/View.php(473): View->_getViewFileName('index')
#1 /var/www/brmsklad/lib/Cake/Controller/Controller.php(956): View->render('index', NULL)
#2 /var/www/brmsklad/app/Controller/ItemsController.php(12): Controller->render('index')
#3 [internal function]: ItemsController->search('folie')
#4 /var/www/brmsklad/lib/Cake/Controller/Controller.php(485): ReflectionMethod->invokeArgs(Object(ItemsController), Array)
#5 /var/www/brmsklad/lib/Cake/Routing/Dispatcher.php(186): Controller->invokeAction(Object(CakeRequest))
#6 /var/www/brmsklad/lib/Cake/Routing/Dispatcher.php(161): Dispatcher->_invoke(Object(ItemsController), Object(CakeRequest), Object(CakeResponse))
#7 /var/www/brmsklad/app/webroot/index.php(92): Dispatcher->dispatch(Object(CakeRequest), Object(CakeResponse))
#8 {main}
2013-01-23 00:01:20 Error: [MissingViewException] View file "/var/www/brmsklad/app/View/Items/index.ctp" is missing.
#0 /var/www/brmsklad/lib/Cake/View/View.php(473): View->_getViewFileName('index')
#1 /var/www/brmsklad/lib/Cake/Controller/Controller.php(956): View->render('index', NULL)
#2 /var/www/brmsklad/app/Controller/ItemsController.php(12): Controller->render('index')
#3 [internal function]: ItemsController->search('folie')
#4 /var/www/brmsklad/lib/Cake/Controller/Controller.php(485): ReflectionMethod->invokeArgs(Object(ItemsController), Array)
#5 /var/www/brmsklad/lib/Cake/Routing/Dispatcher.php(186): Controller->invokeAction(Object(CakeRequest))
#6 /var/www/brmsklad/lib/Cake/Routing/Dispatcher.php(161): Dispatcher->_invoke(Object(ItemsController), Object(CakeRequest), Object(CakeResponse))
#7 /var/www/brmsklad/app/webroot/index.php(92): Dispatcher->dispatch(Object(CakeRequest), Object(CakeResponse))
#8 {main}
2013-01-23 00:01:38 Error: [MissingViewException] View file "/var/www/brmsklad/app/View/Items/index.ctp" is missing.
#0 /var/www/brmsklad/lib/Cake/View/View.php(473): View->_getViewFileName('index')
#1 /var/www/brmsklad/lib/Cake/Controller/Controller.php(956): View->render('index', NULL)
#2 /var/www/brmsklad/app/Controller/ItemsController.php(12): Controller->render('index')
#3 [internal function]: ItemsController->search('folie')
#4 /var/www/brmsklad/lib/Cake/Controller/Controller.php(485): ReflectionMethod->invokeArgs(Object(ItemsController), Array)
#5 /var/www/brmsklad/lib/Cake/Routing/Dispatcher.php(186): Controller->invokeAction(Object(CakeRequest))
#6 /var/www/brmsklad/lib/Cake/Routing/Dispatcher.php(161): Dispatcher->_invoke(Object(ItemsController), Object(CakeRequest), Object(CakeResponse))
#7 /var/www/brmsklad/app/webroot/index.php(92): Dispatcher->dispatch(Object(CakeRequest), Object(CakeResponse))
#8 {main}
2013-01-23 00:02:06 Error: [MissingViewException] View file "/var/www/brmsklad/app/View/Items/index.ctp" is missing.
#0 /var/www/brmsklad/lib/Cake/View/View.php(473): View->_getViewFileName('index')
#1 /var/www/brmsklad/lib/Cake/Controller/Controller.php(956): View->render('index', NULL)
#2 /var/www/brmsklad/app/Controller/ItemsController.php(12): Controller->render('index')
#3 [internal function]: ItemsController->search('folie')
#4 /var/www/brmsklad/lib/Cake/Controller/Controller.php(485): ReflectionMethod->invokeArgs(Object(ItemsController), Array)
#5 /var/www/brmsklad/lib/Cake/Routing/Dispatcher.php(186): Controller->invokeAction(Object(CakeRequest))
#6 /var/www/brmsklad/lib/Cake/Routing/Dispatcher.php(161): Dispatcher->_invoke(Object(ItemsController), Object(CakeRequest), Object(CakeResponse))
#7 /var/www/brmsklad/app/webroot/index.php(92): Dispatcher->dispatch(Object(CakeRequest), Object(CakeResponse))
#8 {main}
2013-01-23 00:02:06 Error: [MissingViewException] View file "/var/www/brmsklad/app/View/Items/index.ctp" is missing.
#0 /var/www/brmsklad/lib/Cake/View/View.php(473): View->_getViewFileName('index')
#1 /var/www/brmsklad/lib/Cake/Controller/Controller.php(956): View->render('index', NULL)
#2 /var/www/brmsklad/app/Controller/ItemsController.php(12): Controller->render('index')
#3 [internal function]: ItemsController->search('folie')
#4 /var/www/brmsklad/lib/Cake/Controller/Controller.php(485): ReflectionMethod->invokeArgs(Object(ItemsController), Array)
#5 /var/www/brmsklad/lib/Cake/Routing/Dispatcher.php(186): Controller->invokeAction(Object(CakeRequest))
#6 /var/www/brmsklad/lib/Cake/Routing/Dispatcher.php(161): Dispatcher->_invoke(Object(ItemsController), Object(CakeRequest), Object(CakeResponse))
#7 /var/www/brmsklad/app/webroot/index.php(92): Dispatcher->dispatch(Object(CakeRequest), Object(CakeResponse))
#8 {main}
2013-01-23 00:02:27 Error: Fatal Error (1): Call to a member function findByName() on a non-object in [/var/www/brmsklad/app/Controller/ItemsController.php, line 11]
2013-01-23 00:02:27 Error: [InternalErrorException] Internal Server Error
#0 /var/www/brmsklad/lib/Cake/Error/ErrorHandler.php(161): ErrorHandler::handleFatalError(1, 'Call to a membe...', '/var/www/brmskl...', 11)
#1 [internal function]: ErrorHandler::handleError(1, 'Call to a membe...', '/var/www/brmskl...', 11, Array)
#2 /var/www/brmsklad/lib/Cake/Core/App.php(926): call_user_func('ErrorHandler::h...', 1, 'Call to a membe...', '/var/www/brmskl...', 11, Array)
#3 /var/www/brmsklad/lib/Cake/Core/App.php(899): App::_checkFatalError()
#4 [internal function]: App::shutdown()
#5 {main}
2013-01-23 00:03:25 Error: [MissingViewException] View file "/var/www/brmsklad/app/View/Items/index.ctp" is missing.
#0 /var/www/brmsklad/lib/Cake/View/View.php(473): View->_getViewFileName('index')
#1 /var/www/brmsklad/lib/Cake/Controller/Controller.php(956): View->render('index', NULL)
#2 /var/www/brmsklad/app/Controller/ItemsController.php(12): Controller->render('index')
#3 [internal function]: ItemsController->search('folie')
#4 /var/www/brmsklad/lib/Cake/Controller/Controller.php(485): ReflectionMethod->invokeArgs(Object(ItemsController), Array)
#5 /var/www/brmsklad/lib/Cake/Routing/Dispatcher.php(186): Controller->invokeAction(Object(CakeRequest))
#6 /var/www/brmsklad/lib/Cake/Routing/Dispatcher.php(161): Dispatcher->_invoke(Object(ItemsController), Object(CakeRequest), Object(CakeResponse))
#7 /var/www/brmsklad/app/webroot/index.php(92): Dispatcher->dispatch(Object(CakeRequest), Object(CakeResponse))
#8 {main}
2013-01-23 00:03:41 Error: [MissingViewException] View file "/var/www/brmsklad/app/View/Items/index.ctp" is missing.
#0 /var/www/brmsklad/lib/Cake/View/View.php(473): View->_getViewFileName('index')
#1 /var/www/brmsklad/lib/Cake/Controller/Controller.php(956): View->render('index', NULL)
#2 /var/www/brmsklad/app/Controller/ItemsController.php(12): Controller->render('index')
#3 [internal function]: ItemsController->search('folie')
#4 /var/www/brmsklad/lib/Cake/Controller/Controller.php(485): ReflectionMethod->invokeArgs(Object(ItemsController), Array)
#5 /var/www/brmsklad/lib/Cake/Routing/Dispatcher.php(186): Controller->invokeAction(Object(CakeRequest))
#6 /var/www/brmsklad/lib/Cake/Routing/Dispatcher.php(161): Dispatcher->_invoke(Object(ItemsController), Object(CakeRequest), Object(CakeResponse))
#7 /var/www/brmsklad/app/webroot/index.php(92): Dispatcher->dispatch(Object(CakeRequest), Object(CakeResponse))
#8 {main}
2013-01-23 00:09:49 Error: [MissingActionException] Action Items::search() could not be found.
#0 /var/www/brmsklad/lib/Cake/Controller/Scaffold.php(151): Scaffold->_scaffold(Object(CakeRequest))
#1 /var/www/brmsklad/lib/Cake/Controller/Controller.php(530): Scaffold->__construct(Object(ItemsController), Object(CakeRequest))
#2 /var/www/brmsklad/lib/Cake/Controller/Controller.php(489): Controller->_getScaffold(Object(CakeRequest))
#3 /var/www/brmsklad/lib/Cake/Routing/Dispatcher.php(186): Controller->invokeAction(Object(CakeRequest))
#4 /var/www/brmsklad/lib/Cake/Routing/Dispatcher.php(161): Dispatcher->_invoke(Object(ItemsController), Object(CakeRequest), Object(CakeResponse))
#5 /var/www/brmsklad/app/webroot/index.php(92): Dispatcher->dispatch(Object(CakeRequest), Object(CakeResponse))
#6 {main}
